# JRE version: Java(TM) SE Runtime Environment (22.0.1+8) (build 22.0.1+8-16)
# Java VM: Java HotSpot(TM) 64-Bit Server VM (22.0.1+8-16, mixed mode, emulated-client, sharing, tiered, compressed oops, compressed class ptrs, g1 gc, windows-amd64)
GC Precious Log:
 CardTable entry size: 512
 Card Set container configuration: InlinePtr #cards 4 size 8 Array Of Cards #cards 16 size 48 Howl #buckets 8 coarsen threshold 3686 Howl Bitmap #cards 512 size 80 coarsen threshold 460 Card regions per heap region 1 cards per card region 4096
 CPUs: 12 total, 12 available
 Memory: 16233M
 Large Page Support: Disabled
 NUMA Support: Disabled
 Compressed Oops: Enabled (Zero based)
 Heap Region Size: 2M
 Heap Min Capacity: 8M
 Heap Initial Capacity: 254M
 Heap Max Capacity: 4060M
 Pre-touch: Disabled
 Parallel Workers: 10
 Concurrent Workers: 3
 Concurrent Refinement Workers: 10
 Periodic GC: Disabled
Heap:
 garbage-first heap   total reserved 4157440K, committed 98304K, used 73132K [0x0000000702400000, 0x0000000800000000)
  region size 2048K, 19 young (38912K), 3 survivors (6144K)
 Metaspace       used 79401K, committed 80192K, reserved 1179648K
  class space    used 11720K, committed 12096K, reserved 1048576K
GC Heap History (20 events):
Event: 9.342 GC heap after
{Heap after GC invocations=20 (full 0):
 garbage-first heap   total reserved 4157440K, committed 81920K, used 39094K [0x0000000702400000, 0x0000000800000000)
  region size 2048K, 3 young (6144K), 3 survivors (6144K)
 Metaspace       used 71278K, committed 72064K, reserved 1114112K
  class space    used 10515K, committed 10816K, reserved 1048576K
}
Event: 9.552 GC heap before
{Heap before GC invocations=20 (full 0):
 garbage-first heap   total reserved 4157440K, committed 81920K, used 69814K [0x0000000702400000, 0x0000000800000000)
  region size 2048K, 18 young (36864K), 3 survivors (6144K)
 Metaspace       used 72022K, committed 72768K, reserved 1114112K
  class space    used 10637K, committed 10944K, reserved 1048576K
}
Event: 9.557 GC heap after
{Heap after GC invocations=21 (full 0):
 garbage-first heap   total reserved 4157440K, committed 98304K, used 38392K [0x0000000702400000, 0x0000000800000000)
  region size 2048K, 2 young (4096K), 2 survivors (4096K)
 Metaspace       used 72022K, committed 72768K, reserved 1114112K
  class space    used 10637K, committed 10944K, reserved 1048576K
}
Event: 10.218 GC heap before
{Heap before GC invocations=21 (full 0):
 garbage-first heap   total reserved 4157440K, committed 98304K, used 85496K [0x0000000702400000, 0x0000000800000000)
  region size 2048K, 25 young (51200K), 2 survivors (4096K)
 Metaspace       used 75773K, committed 76608K, reserved 1114112K
  class space    used 11226K, committed 11584K, reserved 1048576K
}
Event: 10.223 GC heap after
{Heap after GC invocations=22 (full 0):
 garbage-first heap   total reserved 4157440K, committed 98304K, used 42622K [0x0000000702400000, 0x0000000800000000)
  region size 2048K, 4 young (8192K), 4 survivors (8192K)
 Metaspace       used 75773K, committed 76608K, reserved 1114112K
  class space    used 11226K, committed 11584K, reserved 1048576K
}
Event: 42.414 GC heap before
{Heap before GC invocations=22 (full 0):
 garbage-first heap   total reserved 4157440K, committed 98304K, used 81534K [0x0000000702400000, 0x0000000800000000)
  region size 2048K, 23 young (47104K), 4 survivors (8192K)
 Metaspace       used 78217K, committed 79104K, reserved 1179648K
  class space    used 11584K, committed 11968K, reserved 1048576K
}
Event: 42.424 GC heap after
{Heap after GC invocations=23 (full 0):
 garbage-first heap   total reserved 4157440K, committed 98304K, used 45282K [0x0000000702400000, 0x0000000800000000)
  region size 2048K, 2 young (4096K), 2 survivors (4096K)
 Metaspace       used 78217K, committed 79104K, reserved 1179648K
  class space    used 11584K, committed 11968K, reserved 1048576K
}
Event: 295.311 GC heap before
{Heap before GC invocations=23 (full 0):
 garbage-first heap   total reserved 4157440K, committed 98304K, used 86242K [0x0000000702400000, 0x0000000800000000)
  region size 2048K, 22 young (45056K), 2 survivors (4096K)
 Metaspace       used 78257K, committed 79168K, reserved 1179648K
  class space    used 11594K, committed 11968K, reserved 1048576K
}
Event: 295.315 GC heap after
{Heap after GC invocations=24 (full 0):
 garbage-first heap   total reserved 4157440K, committed 98304K, used 45056K [0x0000000702400000, 0x0000000800000000)
  region size 2048K, 2 young (4096K), 2 survivors (4096K)
 Metaspace       used 78257K, committed 79168K, reserved 1179648K
  class space    used 11594K, committed 11968K, reserved 1048576K
}
Event: 352.493 GC heap before
{Heap before GC invocations=25 (full 0):
 garbage-first heap   total reserved 4157440K, committed 98304K, used 57344K [0x0000000702400000, 0x0000000800000000)
  region size 2048K, 9 young (18432K), 2 survivors (4096K)
 Metaspace       used 78155K, committed 79168K, reserved 1179648K
  class space    used 11555K, committed 11968K, reserved 1048576K
}
Event: 352.587 GC heap after
{Heap after GC invocations=26 (full 1):
 garbage-first heap   total reserved 4157440K, committed 98304K, used 28416K [0x0000000702400000, 0x0000000800000000)
  region size 2048K, 0 young (0K), 0 survivors (0K)
 Metaspace       used 78111K, committed 79168K, reserved 1179648K
  class space    used 11543K, committed 11968K, reserved 1048576K
}
Event: 353.829 GC heap before
{Heap before GC invocations=26 (full 1):
 garbage-first heap   total reserved 4157440K, committed 98304K, used 81664K [0x0000000702400000, 0x0000000800000000)
  region size 2048K, 27 young (55296K), 0 survivors (0K)
 Metaspace       used 78543K, committed 79232K, reserved 1179648K
  class space    used 11618K, committed 11968K, reserved 1048576K
}
Event: 353.835 GC heap after
{Heap after GC invocations=27 (full 1):
 garbage-first heap   total reserved 4157440K, committed 98304K, used 34273K [0x0000000702400000, 0x0000000800000000)
  region size 2048K, 3 young (6144K), 3 survivors (6144K)
 Metaspace       used 78543K, committed 79232K, reserved 1179648K
  class space    used 11618K, committed 11968K, reserved 1048576K
}
Event: 354.757 GC heap before
{Heap before GC invocations=27 (full 1):
 garbage-first heap   total reserved 4157440K, committed 98304K, used 81377K [0x0000000702400000, 0x0000000800000000)
  region size 2048K, 26 young (53248K), 3 survivors (6144K)
 Metaspace       used 78844K, committed 79552K, reserved 1179648K
  class space    used 11659K, committed 11968K, reserved 1048576K
}
Event: 354.764 GC heap after
{Heap after GC invocations=28 (full 1):
 garbage-first heap   total reserved 4157440K, committed 98304K, used 38054K [0x0000000702400000, 0x0000000800000000)
  region size 2048K, 3 young (6144K), 3 survivors (6144K)
 Metaspace       used 78844K, committed 79552K, reserved 1179648K
  class space    used 11659K, committed 11968K, reserved 1048576K
}
Event: 355.170 GC heap before
{Heap before GC invocations=28 (full 1):
 garbage-first heap   total reserved 4157440K, committed 98304K, used 79014K [0x0000000702400000, 0x0000000800000000)
  region size 2048K, 23 young (47104K), 3 survivors (6144K)
 Metaspace       used 79115K, committed 79808K, reserved 1179648K
  class space    used 11678K, committed 11968K, reserved 1048576K
}
Event: 355.177 GC heap after
{Heap after GC invocations=29 (full 1):
 garbage-first heap   total reserved 4157440K, committed 98304K, used 39557K [0x0000000702400000, 0x0000000800000000)
  region size 2048K, 1 young (2048K), 1 survivors (2048K)
 Metaspace       used 79115K, committed 79808K, reserved 1179648K
  class space    used 11678K, committed 11968K, reserved 1048576K
}
Event: 355.974 GC heap before
{Heap before GC invocations=30 (full 1):
 garbage-first heap   total reserved 4157440K, committed 98304K, used 84613K [0x0000000702400000, 0x0000000800000000)
  region size 2048K, 23 young (47104K), 1 survivors (2048K)
 Metaspace       used 79323K, committed 80064K, reserved 1179648K
  class space    used 11699K, committed 12032K, reserved 1048576K
}
Event: 355.978 GC heap after
{Heap after GC invocations=31 (full 1):
 garbage-first heap   total reserved 4157440K, committed 98304K, used 42412K [0x0000000702400000, 0x0000000800000000)
  region size 2048K, 3 young (6144K), 3 survivors (6144K)
 Metaspace       used 79323K, committed 80064K, reserved 1179648K
  class space    used 11699K, committed 12032K, reserved 1048576K
}
Event: 358.013 GC heap before
{Heap before GC invocations=31 (full 1):
 garbage-first heap   total reserved 4157440K, committed 98304K, used 73132K [0x0000000702400000, 0x0000000800000000)
  region size 2048K, 19 young (38912K), 3 survivors (6144K)
 Metaspace       used 79401K, committed 80192K, reserved 1179648K
  class space    used 11720K, committed 12096K, reserved 1048576K
}

